[35m[1mConsolidate compiler generated dependencies of target robot_news_station[0m
[ 16%] Built target add_two_ints_server
[ 33%] Built target cpp_node
[ 41%] [32mBuilding CXX object CMakeFiles/robot_news_station.dir/src/robot_news_station.cpp.o[0m
[ 58%] Built target smartphone
[ 75%] Built target add_two_ints_client
[ 91%] Built target add_two_ints_no_oop_client
[01m[K/home/ant/ros2_ws/src/my_cpp_pkg/src/robot_news_station.cpp:[m[K In constructor â€˜[01m[KRobotNewsStationNode::RobotNewsStationNode()[m[Kâ€™:
[01m[K/home/ant/ros2_ws/src/my_cpp_pkg/src/robot_news_station.cpp:13:32:[m[K [01;31m[Kerror: [m[Kexpected initializer before â€˜[01m[Kthis[m[Kâ€™
   13 |         int publish_frequency_ [01;31m[Kthis[m[K->get_parameter("publish_frequency").as_int();
      |                                [01;31m[K^~~~[m[K
[01m[K/home/ant/ros2_ws/src/my_cpp_pkg/src/robot_news_station.cpp:16:68:[m[K [01;31m[Kerror: [m[Kâ€˜[01m[Kpublish_frequency_[m[Kâ€™ was not declared in this scope
   16 |         timer_ = this->create_wall_timer(std::chrono::milliseconds([01;31m[Kpublish_frequency_[m[K), std::bind(&RobotNewsStationNode::publishNews, this));
      |                                                                    [01;31m[K^~~~~~~~~~~~~~~~~~[m[K
gmake[2]: *** [CMakeFiles/robot_news_station.dir/build.make:76: CMakeFiles/robot_news_station.dir/src/robot_news_station.cpp.o] Error 1
gmake[1]: *** [CMakeFiles/Makefile2:173: CMakeFiles/robot_news_station.dir/all] Error 2
gmake: *** [Makefile:146: all] Error 2
