[0.117s] Invoking command in '/home/ant/ros2_ws/build/my_robot_interfaces': CMAKE_PREFIX_PATH=${CMAKE_PREFIX_PATH}:/home/ant/ros2_ws/install/my_py_pkg:/opt/ros/humble CONDA_PROMPT_MODIFIER=(base) /usr/bin/cmake --build /home/ant/ros2_ws/build/my_robot_interfaces -- -j4 -l4
[0.165s] -- Found ament_cmake: 1.3.5 (/opt/ros/humble/share/ament_cmake/cmake)
[0.404s] -- Found rosidl_default_generators: 1.2.0 (/opt/ros/humble/share/rosidl_default_generators/cmake)
[0.408s] -- Using all available rosidl_typesupport_c: rosidl_typesupport_fastrtps_c;rosidl_typesupport_introspection_c
[0.418s] -- Found rosidl_adapter: 3.1.5 (/opt/ros/humble/share/rosidl_adapter/cmake)
[0.466s] -- Using all available rosidl_typesupport_cpp: rosidl_typesupport_fastrtps_cpp;rosidl_typesupport_introspection_cpp
[0.871s] -- Found ament_cmake_ros: 0.10.0 (/opt/ros/humble/share/ament_cmake_ros/cmake)
[1.148s] -- Using all available rosidl_typesupport_c: rosidl_typesupport_fastrtps_c;rosidl_typesupport_introspection_c
[1.497s] -- Using all available rosidl_typesupport_cpp: rosidl_typesupport_fastrtps_cpp;rosidl_typesupport_introspection_cpp
[1.543s] -- Found python_cmake_module: 0.10.0 (/opt/ros/humble/share/python_cmake_module/cmake)
[1.575s] -- Using PYTHON_EXECUTABLE: /home/ant/anaconda3/bin/python3
[1.576s] -- Using PYTHON_INCLUDE_DIRS: /home/ant/anaconda3/include/python3.11
[1.576s] -- Using PYTHON_LIBRARIES: /home/ant/anaconda3/lib/libpython3.11.so
[1.794s] -- Using numpy include directory: /home/ant/anaconda3/lib/python3.11/site-packages/numpy/core/include
[1.813s] -- Configuring done
[1.862s] -- Generating done
[1.865s] -- Build files have been written to: /home/ant/ros2_ws/build/my_robot_interfaces
[1.902s] [35m[1mConsolidate compiler generated dependencies of target my_robot_interfaces__rosidl_generator_c[0m
[1.924s] [  3%] Built target my_robot_interfaces__cpp
[1.945s] [ 12%] Built target my_robot_interfaces__rosidl_generator_c
[1.952s] [35m[1mConsolidate compiler generated dependencies of target my_robot_interfaces__rosidl_typesupport_fastrtps_cpp[0m
[1.963s] [ 12%] Built target ament_cmake_python_copy_my_robot_interfaces
[1.968s] [35m[1mConsolidate compiler generated dependencies of target my_robot_interfaces__rosidl_typesupport_introspection_cpp[0m
[1.991s] [35m[1mConsolidate compiler generated dependencies of target my_robot_interfaces__rosidl_typesupport_cpp[0m
[1.996s] [ 22%] Built target my_robot_interfaces__rosidl_typesupport_fastrtps_cpp
[2.006s] [35m[1mConsolidate compiler generated dependencies of target my_robot_interfaces__rosidl_typesupport_fastrtps_c[0m
[2.018s] [ 32%] Built target my_robot_interfaces__rosidl_typesupport_introspection_cpp
[2.035s] [ 41%] Built target my_robot_interfaces__rosidl_typesupport_cpp
[2.050s] [ 51%] Built target my_robot_interfaces__rosidl_typesupport_fastrtps_c
[2.054s] [35m[1mConsolidate compiler generated dependencies of target my_robot_interfaces__rosidl_typesupport_introspection_c[0m
[2.059s] [35m[1mConsolidate compiler generated dependencies of target my_robot_interfaces__rosidl_typesupport_c[0m
[2.077s] [ 61%] Built target my_robot_interfaces__rosidl_typesupport_introspection_c
[2.079s] [ 70%] Built target my_robot_interfaces__rosidl_typesupport_c
[2.108s] [ 70%] Built target my_robot_interfaces
[2.149s] [ 74%] [34m[1mGenerating Python code for ROS interfaces[0m
[2.220s] Traceback (most recent call last):
[2.222s]   File "/opt/ros/humble/share/rosidl_generator_py/cmake/../../../lib/rosidl_generator_py/rosidl_generator_py", line 8, in <module>
[2.222s]     from rosidl_generator_py import generate_py
[2.222s] ImportError: cannot import name 'generate_py' from 'rosidl_generator_py' (/opt/ros/humble/local/lib/python3.10/dist-packages/rosidl_generator_py/__init__.py)
[2.248s] gmake[2]: *** [my_robot_interfaces__py/CMakeFiles/my_robot_interfaces__py.dir/build.make:91: rosidl_generator_py/my_robot_interfaces/_my_robot_interfaces_s.ep.rosidl_typesupport_fastrtps_c.c] Error 1
[2.249s] gmake[1]: *** [CMakeFiles/Makefile2:590: my_robot_interfaces__py/CMakeFiles/my_robot_interfaces__py.dir/all] Error 2
[2.249s] gmake[1]: *** Waiting for unfinished jobs....
[2.473s] running egg_info
[2.474s] writing my_robot_interfaces.egg-info/PKG-INFO
[2.474s] writing dependency_links to my_robot_interfaces.egg-info/dependency_links.txt
[2.474s] writing top-level names to my_robot_interfaces.egg-info/top_level.txt
[2.478s] reading manifest file 'my_robot_interfaces.egg-info/SOURCES.txt'
[2.479s] writing manifest file 'my_robot_interfaces.egg-info/SOURCES.txt'
[2.535s] [ 74%] Built target ament_cmake_python_build_my_robot_interfaces_egg
[2.537s] gmake: *** [Makefile:146: all] Error 2
[2.541s] Invoked command in '/home/ant/ros2_ws/build/my_robot_interfaces' returned '2': CMAKE_PREFIX_PATH=${CMAKE_PREFIX_PATH}:/home/ant/ros2_ws/install/my_py_pkg:/opt/ros/humble CONDA_PROMPT_MODIFIER=(base) /usr/bin/cmake --build /home/ant/ros2_ws/build/my_robot_interfaces -- -j4 -l4
