[0.307s] Invoking command in '/home/ant/ros2_ws/build/my_cpp_pkg': CMAKE_PREFIX_PATH=${CMAKE_PREFIX_PATH}:/home/ant/ros2_ws/install/my_py_pkg:/opt/ros/humble /usr/bin/cmake --build /home/ant/ros2_ws/build/my_cpp_pkg -- -j4 -l4
[0.579s] [35m[1mConsolidate compiler generated dependencies of target robot_news_station[0m
[0.637s] [ 16%] Built target cpp_node
[0.674s] [ 33%] Built target smartphone
[0.691s] [ 41%] [32mBuilding CXX object CMakeFiles/robot_news_station.dir/src/robot_news_station.cpp.o[0m
[0.785s] [ 58%] Built target add_two_ints_server
[0.834s] [ 75%] Built target add_two_ints_no_oop_client
[0.927s] [ 91%] Built target add_two_ints_client
[9.937s] [01m[K/home/ant/ros2_ws/src/my_cpp_pkg/src/robot_news_station.cpp:[m[K In constructor â€˜[01m[KRobotNewsStationNode::RobotNewsStationNode()[m[Kâ€™:
[9.937s] [01m[K/home/ant/ros2_ws/src/my_cpp_pkg/src/robot_news_station.cpp:13:32:[m[K [01;31m[Kerror: [m[Kexpected initializer before â€˜[01m[Kthis[m[Kâ€™
[9.937s]    13 |         int publish_frequency_ [01;31m[Kthis[m[K->get_parameter("publish_frequency").as_int();
[9.938s]       |                                [01;31m[K^~~~[m[K
[9.971s] [01m[K/home/ant/ros2_ws/src/my_cpp_pkg/src/robot_news_station.cpp:16:68:[m[K [01;31m[Kerror: [m[Kâ€˜[01m[Kpublish_frequency_[m[Kâ€™ was not declared in this scope
[9.971s]    16 |         timer_ = this->create_wall_timer(std::chrono::milliseconds([01;31m[Kpublish_frequency_[m[K), std::bind(&RobotNewsStationNode::publishNews, this));
[9.971s]       |                                                                    [01;31m[K^~~~~~~~~~~~~~~~~~[m[K
[12.333s] gmake[2]: *** [CMakeFiles/robot_news_station.dir/build.make:76: CMakeFiles/robot_news_station.dir/src/robot_news_station.cpp.o] Error 1
[12.334s] gmake[1]: *** [CMakeFiles/Makefile2:173: CMakeFiles/robot_news_station.dir/all] Error 2
[12.334s] gmake: *** [Makefile:146: all] Error 2
[12.338s] Invoked command in '/home/ant/ros2_ws/build/my_cpp_pkg' returned '2': CMAKE_PREFIX_PATH=${CMAKE_PREFIX_PATH}:/home/ant/ros2_ws/install/my_py_pkg:/opt/ros/humble /usr/bin/cmake --build /home/ant/ros2_ws/build/my_cpp_pkg -- -j4 -l4
