[0.526s] Invoking command in '/home/ant/ros2_ws/build/my_cpp_pkg': CMAKE_PREFIX_PATH=${CMAKE_PREFIX_PATH}:/home/ant/ros2_ws/install/my_py_pkg:/opt/ros/humble /usr/bin/cmake --build /home/ant/ros2_ws/build/my_cpp_pkg -- -j4 -l4
[0.826s] [35m[1mConsolidate compiler generated dependencies of target robot_news_station[0m
[0.869s] [ 16%] Built target add_two_ints_server
[0.904s] [ 33%] Built target smartphone
[0.940s] [ 50%] Built target cpp_node
[1.017s] [ 58%] [32mBuilding CXX object CMakeFiles/robot_news_station.dir/src/robot_news_station.cpp.o[0m
[1.041s] [ 75%] Built target add_two_ints_client
[1.152s] [ 91%] Built target add_two_ints_no_oop_client
[8.937s] [01m[K/home/ant/ros2_ws/src/my_cpp_pkg/src/robot_news_station.cpp:[m[K In constructor â€˜[01m[KRobotNewsStationNode::RobotNewsStationNode()[m[Kâ€™:
[8.938s] [01m[K/home/ant/ros2_ws/src/my_cpp_pkg/src/robot_news_station.cpp:16:92:[m[K [01;31m[Kerror: [m[Kno matching function for call to â€˜[01m[Kstd::chrono::duration<long int, std::ratio<1, 1000> >::duration(double)[m[Kâ€™
[8.939s]    16 |         timer_ = this->create_wall_timer(std::chrono::milliseconds(1.0 / publish_frequency_[01;31m[K)[m[K, std::bind(&RobotNewsStationNode::publishNews, this));
[8.939s]       |                                                                                            [01;31m[K^[m[K
[8.939s] In file included from [01m[K/usr/include/c++/11/mutex:39[m[K,
[8.939s]                  from [01m[K/usr/include/c++/11/future:38[m[K,
[8.939s]                  from [01m[K/opt/ros/humble/include/rclcpp/rclcpp/executors.hpp:18[m[K,
[8.939s]                  from [01m[K/opt/ros/humble/include/rclcpp/rclcpp/rclcpp.hpp:155[m[K,
[8.939s]                  from [01m[K/home/ant/ros2_ws/src/my_cpp_pkg/src/robot_news_station.cpp:1[m[K:
[8.940s] [01m[K/usr/include/c++/11/chrono:529:21:[m[K [01;36m[Knote: [m[Kcandidate: â€˜[01m[Ktemplate<class _Rep2, class _Period2, class> constexpr std::chrono::duration<_Rep, _Period>::duration(const std::chrono::duration<_Rep, _Period>&) [with _Rep2 = _Rep2; _Period2 = _Period2; <template-parameter-2-3> = <template-parameter-1-3>; _Rep = long int; _Period = std::ratio<1, 1000>][m[Kâ€™
[8.940s]   529 |           constexpr [01;36m[Kduration[m[K(const duration<_Rep2, _Period2>& __d)
[8.940s]       |                     [01;36m[K^~~~~~~~[m[K
[8.940s] [01m[K/usr/include/c++/11/chrono:529:21:[m[K [01;36m[Knote: [m[K  template argument deduction/substitution failed:
[8.940s] [01m[K/home/ant/ros2_ws/src/my_cpp_pkg/src/robot_news_station.cpp:16:92:[m[K [01;36m[Knote: [m[K  mismatched types â€˜[01m[Kconst std::chrono::duration<_Rep1, _Period1>[m[Kâ€™ and â€˜[01m[Kdouble[m[Kâ€™
[8.940s]    16 |         timer_ = this->create_wall_timer(std::chrono::milliseconds(1.0 / publish_frequency_[01;36m[K)[m[K, std::bind(&RobotNewsStationNode::publishNews, this));
[8.941s]       |                                                                                            [01;36m[K^[m[K
[8.941s] In file included from [01m[K/usr/include/c++/11/mutex:39[m[K,
[8.945s]                  from [01m[K/usr/include/c++/11/future:38[m[K,
[8.945s]                  from [01m[K/opt/ros/humble/include/rclcpp/rclcpp/executors.hpp:18[m[K,
[8.946s]                  from [01m[K/opt/ros/humble/include/rclcpp/rclcpp/rclcpp.hpp:155[m[K,
[8.946s]                  from [01m[K/home/ant/ros2_ws/src/my_cpp_pkg/src/robot_news_station.cpp:1[m[K:
[8.946s] [01m[K/usr/include/c++/11/chrono:521:30:[m[K [01;36m[Knote: [m[Kcandidate: â€˜[01m[Ktemplate<class _Rep2, class> constexpr std::chrono::duration<_Rep, _Period>::duration(const _Rep2&) [with _Rep2 = _Rep2; <template-parameter-2-2> = <template-parameter-1-2>; _Rep = long int; _Period = std::ratio<1, 1000>][m[Kâ€™
[8.946s]   521 |           constexpr explicit [01;36m[Kduration[m[K(const _Rep2& __rep)
[8.946s]       |                              [01;36m[K^~~~~~~~[m[K
[8.946s] [01m[K/usr/include/c++/11/chrono:521:30:[m[K [01;36m[Knote: [m[K  template argument deduction/substitution failed:
[8.947s] In file included from [01m[K/usr/include/c++/11/bits/move.h:57[m[K,
[8.947s]                  from [01m[K/usr/include/c++/11/bits/stl_pair.h:59[m[K,
[8.947s]                  from [01m[K/usr/include/c++/11/bits/stl_algobase.h:64[m[K,
[8.947s]                  from [01m[K/usr/include/c++/11/memory:63[m[K,
[8.947s]                  from [01m[K/opt/ros/humble/include/rclcpp/rclcpp/rclcpp.hpp:153[m[K,
[8.947s]                  from [01m[K/home/ant/ros2_ws/src/my_cpp_pkg/src/robot_news_station.cpp:1[m[K:
[8.948s] /usr/include/c++/11/type_traits: In substitution of â€˜[01m[Ktemplate<bool _Cond, class _Tp> using __enable_if_t = typename std::enable_if::type [with bool _Cond = false; _Tp = void][m[Kâ€™:
[8.948s] [01m[K/usr/include/c++/11/type_traits:2209:11:[m[K   required by substitution of â€˜[01m[Ktemplate<class ... _Cond> using _Require = std::__enable_if_t<std::__and_< <template-parameter-1-1> >::value> [with _Cond = {std::is_convertible<const double&, long int>, std::__or_<std::chrono::treat_as_floating_point<long int>, std::__not_<std::chrono::treat_as_floating_point<double> > >}][m[Kâ€™
[8.948s] [01m[K/usr/include/c++/11/chrono:518:27:[m[K   required from here
[8.948s] [01m[K/usr/include/c++/11/type_traits:2205:11:[m[K [01;31m[Kerror: [m[Kno type named â€˜[01m[Ktype[m[Kâ€™ in â€˜[01m[Kstruct std::enable_if<false, void>[m[Kâ€™
[8.948s]  2205 |     using [01;31m[K__enable_if_t[m[K = typename enable_if<_Cond, _Tp>::type;
[8.948s]       |           [01;31m[K^~~~~~~~~~~~~[m[K
[8.949s] In file included from [01m[K/usr/include/c++/11/mutex:39[m[K,
[8.949s]                  from [01m[K/usr/include/c++/11/future:38[m[K,
[8.954s]                  from [01m[K/opt/ros/humble/include/rclcpp/rclcpp/executors.hpp:18[m[K,
[8.954s]                  from [01m[K/opt/ros/humble/include/rclcpp/rclcpp/rclcpp.hpp:155[m[K,
[8.955s]                  from [01m[K/home/ant/ros2_ws/src/my_cpp_pkg/src/robot_news_station.cpp:1[m[K:
[8.955s] [01m[K/usr/include/c++/11/chrono:514:9:[m[K [01;36m[Knote: [m[Kcandidate: â€˜[01m[Kconstexpr std::chrono::duration<_Rep, _Period>::duration(const std::chrono::duration<_Rep, _Period>&) [with _Rep = long int; _Period = std::ratio<1, 1000>][m[Kâ€™
[8.955s]   514 |         [01;36m[Kduration[m[K(const duration&) = default;
[8.955s]       |         [01;36m[K^~~~~~~~[m[K
[8.955s] [01m[K/usr/include/c++/11/chrono:514:18:[m[K [01;36m[Knote: [m[K  no known conversion for argument 1 from â€˜[01m[Kdouble[m[Kâ€™ to â€˜[01m[Kconst std::chrono::duration<long int, std::ratio<1, 1000> >&[m[Kâ€™
[8.955s]   514 |         duration([01;36m[Kconst duration&[m[K) = default;
[8.955s]       |                  [01;36m[K^~~~~~~~~~~~~~~[m[K
[8.956s] [01m[K/usr/include/c++/11/chrono:512:19:[m[K [01;36m[Knote: [m[Kcandidate: â€˜[01m[Kstd::chrono::duration<_Rep, _Period>::duration() [with _Rep = long int; _Period = std::ratio<1, 1000>][m[Kâ€™
[8.956s]   512 |         constexpr [01;36m[Kduration[m[K() = default;
[8.956s]       |                   [01;36m[K^~~~~~~~[m[K
[8.956s] [01m[K/usr/include/c++/11/chrono:512:19:[m[K [01;36m[Knote: [m[K  candidate expects 0 arguments, 1 provided
[11.045s] gmake[2]: *** [CMakeFiles/robot_news_station.dir/build.make:76: CMakeFiles/robot_news_station.dir/src/robot_news_station.cpp.o] Error 1
[11.046s] gmake[1]: *** [CMakeFiles/Makefile2:173: CMakeFiles/robot_news_station.dir/all] Error 2
[11.049s] gmake: *** [Makefile:146: all] Error 2
[11.061s] Invoked command in '/home/ant/ros2_ws/build/my_cpp_pkg' returned '2': CMAKE_PREFIX_PATH=${CMAKE_PREFIX_PATH}:/home/ant/ros2_ws/install/my_py_pkg:/opt/ros/humble /usr/bin/cmake --build /home/ant/ros2_ws/build/my_cpp_pkg -- -j4 -l4
