[0.121s] Invoking command in '/home/ant/ros2_ws/build/my_robot_interfaces': CMAKE_PREFIX_PATH=${CMAKE_PREFIX_PATH}:/home/ant/ros2_ws/install/my_py_pkg:/opt/ros/humble CONDA_PROMPT_MODIFIER=(base) /usr/bin/cmake --build /home/ant/ros2_ws/build/my_robot_interfaces -- -j4 -l4
[0.175s] -- Found ament_cmake: 1.3.5 (/opt/ros/humble/share/ament_cmake/cmake)
[0.396s] -- Found rosidl_default_generators: 1.2.0 (/opt/ros/humble/share/rosidl_default_generators/cmake)
[0.398s] -- Using all available rosidl_typesupport_c: rosidl_typesupport_fastrtps_c;rosidl_typesupport_introspection_c
[0.402s] -- Found rosidl_adapter: 3.1.5 (/opt/ros/humble/share/rosidl_adapter/cmake)
[0.454s] -- Using all available rosidl_typesupport_cpp: rosidl_typesupport_fastrtps_cpp;rosidl_typesupport_introspection_cpp
[0.858s] -- Found ament_cmake_ros: 0.10.0 (/opt/ros/humble/share/ament_cmake_ros/cmake)
[1.143s] -- Using all available rosidl_typesupport_c: rosidl_typesupport_fastrtps_c;rosidl_typesupport_introspection_c
[1.549s] -- Using all available rosidl_typesupport_cpp: rosidl_typesupport_fastrtps_cpp;rosidl_typesupport_introspection_cpp
[1.631s] -- Found python_cmake_module: 0.10.0 (/opt/ros/humble/share/python_cmake_module/cmake)
[1.673s] -- Using PYTHON_EXECUTABLE: /home/ant/anaconda3/bin/python3
[1.673s] -- Using PYTHON_INCLUDE_DIRS: /home/ant/anaconda3/include/python3.11
[1.673s] -- Using PYTHON_LIBRARIES: /home/ant/anaconda3/lib/libpython3.11.so
[2.140s] -- Using numpy include directory: /home/ant/anaconda3/lib/python3.11/site-packages/numpy/core/include
[2.170s] -- Configuring done
[2.275s] -- Generating done
[2.281s] -- Build files have been written to: /home/ant/ros2_ws/build/my_robot_interfaces
[2.346s] [35m[1mConsolidate compiler generated dependencies of target my_robot_interfaces__rosidl_generator_c[0m
[2.373s] [  3%] Built target my_robot_interfaces__cpp
[2.375s] [ 12%] Built target my_robot_interfaces__rosidl_generator_c
[2.396s] [ 12%] Built target ament_cmake_python_copy_my_robot_interfaces
[2.398s] [35m[1mConsolidate compiler generated dependencies of target my_robot_interfaces__rosidl_typesupport_fastrtps_c[0m
[2.418s] [35m[1mConsolidate compiler generated dependencies of target my_robot_interfaces__rosidl_typesupport_introspection_c[0m
[2.454s] [35m[1mConsolidate compiler generated dependencies of target my_robot_interfaces__rosidl_typesupport_c[0m
[2.460s] [35m[1mConsolidate compiler generated dependencies of target my_robot_interfaces__rosidl_typesupport_fastrtps_cpp[0m
[2.489s] [ 22%] Built target my_robot_interfaces__rosidl_typesupport_introspection_c
[2.508s] [ 38%] Built target my_robot_interfaces__rosidl_typesupport_fastrtps_cpp
[2.511s] [ 41%] Built target my_robot_interfaces__rosidl_typesupport_fastrtps_c
[2.515s] [ 51%] Built target my_robot_interfaces__rosidl_typesupport_c
[2.537s] [35m[1mConsolidate compiler generated dependencies of target my_robot_interfaces__rosidl_typesupport_introspection_cpp[0m
[2.540s] [35m[1mConsolidate compiler generated dependencies of target my_robot_interfaces__rosidl_typesupport_cpp[0m
[2.596s] [ 61%] Built target my_robot_interfaces__rosidl_typesupport_cpp
[2.601s] [ 70%] Built target my_robot_interfaces__rosidl_typesupport_introspection_cpp
[2.647s] [ 70%] Built target my_robot_interfaces
[2.687s] [ 74%] [34m[1mGenerating Python code for ROS interfaces[0m
[2.770s] Traceback (most recent call last):
[2.770s]   File "/opt/ros/humble/share/rosidl_generator_py/cmake/../../../lib/rosidl_generator_py/rosidl_generator_py", line 8, in <module>
[2.770s]     from rosidl_generator_py import generate_py
[2.770s] ImportError: cannot import name 'generate_py' from 'rosidl_generator_py' (/opt/ros/humble/local/lib/python3.10/dist-packages/rosidl_generator_py/__init__.py)
[2.781s] gmake[2]: *** [my_robot_interfaces__py/CMakeFiles/my_robot_interfaces__py.dir/build.make:91: rosidl_generator_py/my_robot_interfaces/_my_robot_interfaces_s.ep.rosidl_typesupport_fastrtps_c.c] Error 1
[2.781s] gmake[1]: *** [CMakeFiles/Makefile2:590: my_robot_interfaces__py/CMakeFiles/my_robot_interfaces__py.dir/all] Error 2
[2.781s] gmake[1]: *** Waiting for unfinished jobs....
[2.985s] running egg_info
[2.986s] writing my_robot_interfaces.egg-info/PKG-INFO
[2.986s] writing dependency_links to my_robot_interfaces.egg-info/dependency_links.txt
[2.986s] writing top-level names to my_robot_interfaces.egg-info/top_level.txt
[2.991s] reading manifest file 'my_robot_interfaces.egg-info/SOURCES.txt'
[2.992s] writing manifest file 'my_robot_interfaces.egg-info/SOURCES.txt'
[3.056s] [ 74%] Built target ament_cmake_python_build_my_robot_interfaces_egg
[3.058s] gmake: *** [Makefile:146: all] Error 2
[3.061s] Invoked command in '/home/ant/ros2_ws/build/my_robot_interfaces' returned '2': CMAKE_PREFIX_PATH=${CMAKE_PREFIX_PATH}:/home/ant/ros2_ws/install/my_py_pkg:/opt/ros/humble CONDA_PROMPT_MODIFIER=(base) /usr/bin/cmake --build /home/ant/ros2_ws/build/my_robot_interfaces -- -j4 -l4
