[0.209s] Invoking command in '/home/ant/ros2_ws/build/my_robot_interfaces': CMAKE_PREFIX_PATH=${CMAKE_PREFIX_PATH}:/home/ant/ros2_ws/install/my_py_pkg:/opt/ros/humble CONDA_PROMPT_MODIFIER=(base) /usr/bin/cmake --build /home/ant/ros2_ws/build/my_robot_interfaces -- -j4 -l4
[0.303s] -- Found ament_cmake: 1.3.5 (/opt/ros/humble/share/ament_cmake/cmake)
[0.680s] -- Found rosidl_default_generators: 1.2.0 (/opt/ros/humble/share/rosidl_default_generators/cmake)
[0.684s] -- Using all available rosidl_typesupport_c: rosidl_typesupport_fastrtps_c;rosidl_typesupport_introspection_c
[0.691s] -- Found rosidl_adapter: 3.1.5 (/opt/ros/humble/share/rosidl_adapter/cmake)
[0.774s] -- Using all available rosidl_typesupport_cpp: rosidl_typesupport_fastrtps_cpp;rosidl_typesupport_introspection_cpp
[1.274s] -- Found ament_cmake_ros: 0.10.0 (/opt/ros/humble/share/ament_cmake_ros/cmake)
[1.573s] -- Using all available rosidl_typesupport_c: rosidl_typesupport_fastrtps_c;rosidl_typesupport_introspection_c
[1.925s] -- Using all available rosidl_typesupport_cpp: rosidl_typesupport_fastrtps_cpp;rosidl_typesupport_introspection_cpp
[2.004s] -- Found python_cmake_module: 0.10.0 (/opt/ros/humble/share/python_cmake_module/cmake)
[2.047s] -- Using PYTHON_EXECUTABLE: /home/ant/anaconda3/bin/python3
[2.048s] -- Using PYTHON_INCLUDE_DIRS: /home/ant/anaconda3/include/python3.11
[2.048s] -- Using PYTHON_LIBRARIES: /home/ant/anaconda3/lib/libpython3.11.so
[2.430s] -- Using numpy include directory: /home/ant/anaconda3/lib/python3.11/site-packages/numpy/core/include
[2.462s] -- Configuring done
[2.537s] -- Generating done
[2.541s] -- Build files have been written to: /home/ant/ros2_ws/build/my_robot_interfaces
[2.579s] [35m[1mConsolidate compiler generated dependencies of target my_robot_interfaces__rosidl_generator_c[0m
[2.599s] [  3%] Built target my_robot_interfaces__cpp
[2.605s] [ 12%] Built target my_robot_interfaces__rosidl_generator_c
[2.616s] [ 12%] Built target ament_cmake_python_copy_my_robot_interfaces
[2.622s] [35m[1mConsolidate compiler generated dependencies of target my_robot_interfaces__rosidl_typesupport_cpp[0m
[2.651s] [35m[1mConsolidate compiler generated dependencies of target my_robot_interfaces__rosidl_typesupport_fastrtps_cpp[0m
[2.672s] [35m[1mConsolidate compiler generated dependencies of target my_robot_interfaces__rosidl_typesupport_fastrtps_c[0m
[2.672s] [35m[1mConsolidate compiler generated dependencies of target my_robot_interfaces__rosidl_typesupport_introspection_cpp[0m
[2.676s] [ 22%] Built target my_robot_interfaces__rosidl_typesupport_cpp
[2.699s] [ 32%] Built target my_robot_interfaces__rosidl_typesupport_fastrtps_cpp
[2.704s] [35m[1mConsolidate compiler generated dependencies of target my_robot_interfaces__rosidl_typesupport_introspection_c[0m
[2.705s] [ 41%] Built target my_robot_interfaces__rosidl_typesupport_fastrtps_c
[2.721s] [35m[1mConsolidate compiler generated dependencies of target my_robot_interfaces__rosidl_typesupport_c[0m
[2.734s] [ 51%] Built target my_robot_interfaces__rosidl_typesupport_introspection_cpp
[2.755s] [ 61%] Built target my_robot_interfaces__rosidl_typesupport_introspection_c
[2.758s] [ 70%] Built target my_robot_interfaces__rosidl_typesupport_c
[2.787s] [ 70%] Built target my_robot_interfaces
[2.857s] [ 74%] [34m[1mGenerating Python code for ROS interfaces[0m
[2.975s] Traceback (most recent call last):
[2.976s]   File "/opt/ros/humble/share/rosidl_generator_py/cmake/../../../lib/rosidl_generator_py/rosidl_generator_py", line 8, in <module>
[2.976s]     from rosidl_generator_py import generate_py
[2.976s] ImportError: cannot import name 'generate_py' from 'rosidl_generator_py' (/opt/ros/humble/local/lib/python3.10/dist-packages/rosidl_generator_py/__init__.py)
[2.990s] gmake[2]: *** [my_robot_interfaces__py/CMakeFiles/my_robot_interfaces__py.dir/build.make:91: rosidl_generator_py/my_robot_interfaces/_my_robot_interfaces_s.ep.rosidl_typesupport_fastrtps_c.c] Error 1
[2.991s] gmake[1]: *** [CMakeFiles/Makefile2:590: my_robot_interfaces__py/CMakeFiles/my_robot_interfaces__py.dir/all] Error 2
[2.991s] gmake[1]: *** Waiting for unfinished jobs....
[3.250s] running egg_info
[3.251s] writing my_robot_interfaces.egg-info/PKG-INFO
[3.252s] writing dependency_links to my_robot_interfaces.egg-info/dependency_links.txt
[3.252s] writing top-level names to my_robot_interfaces.egg-info/top_level.txt
[3.256s] reading manifest file 'my_robot_interfaces.egg-info/SOURCES.txt'
[3.257s] writing manifest file 'my_robot_interfaces.egg-info/SOURCES.txt'
[3.296s] [ 74%] Built target ament_cmake_python_build_my_robot_interfaces_egg
[3.298s] gmake: *** [Makefile:146: all] Error 2
[3.301s] Invoked command in '/home/ant/ros2_ws/build/my_robot_interfaces' returned '2': CMAKE_PREFIX_PATH=${CMAKE_PREFIX_PATH}:/home/ant/ros2_ws/install/my_py_pkg:/opt/ros/humble CONDA_PROMPT_MODIFIER=(base) /usr/bin/cmake --build /home/ant/ros2_ws/build/my_robot_interfaces -- -j4 -l4
