[0.145s] Invoking command in '/home/ant/ros2_ws/build/my_robot_interfaces': CONDA_PROMPT_MODIFIER=(base) /usr/bin/cmake --build /home/ant/ros2_ws/build/my_robot_interfaces -- -j4 -l4
[0.189s] -- Found ament_cmake: 1.3.5 (/opt/ros/humble/share/ament_cmake/cmake)
[0.478s] -- Found rosidl_default_generators: 1.2.0 (/opt/ros/humble/share/rosidl_default_generators/cmake)
[0.480s] -- Using all available rosidl_typesupport_c: rosidl_typesupport_fastrtps_c;rosidl_typesupport_introspection_c
[0.484s] -- Found rosidl_adapter: 3.1.5 (/opt/ros/humble/share/rosidl_adapter/cmake)
[0.536s] -- Using all available rosidl_typesupport_cpp: rosidl_typesupport_fastrtps_cpp;rosidl_typesupport_introspection_cpp
[0.830s] Error parsing '/home/ant/ros2_ws/src/my_robot_interfaces/package.xml':
[0.924s] Traceback (most recent call last):
[0.924s]   File "/opt/ros/humble/share/ament_cmake_core/cmake/core/package_xml_2_cmake.py", line 150, in <module>
[0.924s]     main()
[0.924s]   File "/opt/ros/humble/share/ament_cmake_core/cmake/core/package_xml_2_cmake.py", line 53, in main
[0.924s]     raise e
[0.924s]   File "/opt/ros/humble/share/ament_cmake_core/cmake/core/package_xml_2_cmake.py", line 49, in main
[0.924s]     package = parse_package_string(
[0.925s]   File "/usr/lib/python3/dist-packages/catkin_pkg/package.py", line 786, in parse_package_string
[0.925s]     raise InvalidPackage('Error(s):%s' % (''.join(['\n- %s' % e for e in errors])), filename)
[0.925s] catkin_pkg.package.InvalidPackage: Error(s) in package '/home/ant/ros2_ws/src/my_robot_interfaces/package.xml':
[0.925s] Error(s):
[0.925s] - The manifest of package "my_robot_interfaces" (with format version 3) must not contain the following tags: excec_depend
[0.954s] [31mCMake Error at /opt/ros/humble/share/ament_cmake_core/cmake/core/ament_package_xml.cmake:95 (message):
[0.955s]   execute_process(/usr/bin/python3.10
[0.955s]   /opt/ros/humble/share/ament_cmake_core/cmake/core/package_xml_2_cmake.py
[0.955s]   /home/ant/ros2_ws/src/my_robot_interfaces/package.xml
[0.955s]   /home/ant/ros2_ws/build/my_robot_interfaces/ament_cmake_core/package.cmake)
[0.955s]   returned error code 1
[0.955s] Call Stack (most recent call first):
[0.956s]   /opt/ros/humble/share/ament_cmake_core/cmake/core/ament_package_xml.cmake:49 (_ament_package_xml)
[0.956s]   /opt/ros/humble/share/rosidl_cmake/cmake/rosidl_generate_interfaces.cmake:226 (ament_package_xml)
[0.956s]   CMakeLists.txt:12 (rosidl_generate_interfaces)
[0.956s] 
[0.956s] [0m
[0.956s] -- Configuring incomplete, errors occurred!
[0.957s] See also "/home/ant/ros2_ws/build/my_robot_interfaces/CMakeFiles/CMakeOutput.log".
[0.964s] gmake: *** [Makefile:747: cmake_check_build_system] Error 1
[0.967s] Invoked command in '/home/ant/ros2_ws/build/my_robot_interfaces' returned '2': CONDA_PROMPT_MODIFIER=(base) /usr/bin/cmake --build /home/ant/ros2_ws/build/my_robot_interfaces -- -j4 -l4
